[2025-04-17T13:06:43.888] [DEBUG] debug-file - java daemon tryConnect success
[2025-04-17T13:06:43.581] [DEBUG] debug-file - env: nodejsVersion=v18.20.1
[2025-04-17T13:06:43.603] [DEBUG] debug-file - env: daemon=true
[2025-04-17T13:06:43.584] [DEBUG] debug-file - env: hvigor-config.json5 content = {
  modelVersion: '5.0.2',
  dependencies: {},
  execution: {},
  logging: {},
  debugging: {},
  nodeOptions: {}
}
[2025-04-17T13:06:43.953] [DEBUG] debug-file - session manager: set active socket. socketId=kyDyworuoJg9huWSAAAB
[2025-04-17T13:06:44.172] [DEBUG] debug-file - watch worker: worker id should be larger than 0. Nothing will be sent to any worker thread.
[2025-04-17T13:06:44.181] [DEBUG] debug-file - Hvigor init with startParameters:{
  hvigorfileTypeCheck: false,
  parallelExecution: true,
  incrementalExecution: true,
  printStackTrace: false,
  daemon: true,
  analyze: 0,
  logLevel: Level { level: 20000, levelStr: 'INFO', colour: 'green' }
}
[2025-04-17T13:06:44.182] [DEBUG] debug-file - Since current hvigor version 5.16.2 differs from last hvigor version 
      undefined, delete file-cache.json and task-cache.json.
[2025-04-17T13:06:44.182] [DEBUG] debug-file - Cache service initialization finished in 1 ms 
[2025-04-17T13:06:44.187] [DEBUG] debug-file - hvigorfile, resolving /Users/cxy/Desktop/CXY/hpack/hvigorfile.ts
[2025-04-17T13:06:44.925] [DEBUG] debug-file - hvigorfile, require result:  { default: { plugins: [] } }
[2025-04-17T13:06:44.925] [DEBUG] debug-file - hvigorfile, binding system plugins null
[2025-04-17T13:06:45.037] [DEBUG] debug-file - Start initialize project's product build option map with build mode debug.
[2025-04-17T13:06:45.037] [DEBUG] debug-file - Picking option from product 'default' with build mode 'debug'.
[2025-04-17T13:06:45.038] [DEBUG] debug-file - Product 'default' build option: {}
[2025-04-17T13:06:45.038] [DEBUG] debug-file - End initialize project's product build option map with build mode 'debug'.
[2025-04-17T13:06:45.039] [DEBUG] debug-file - Product 'default' using build option: {
  "debuggable": true,
  "strictMode": {
    "caseSensitiveCheck": true,
    "useNormalizedOHMUrl": true
  }
} in this build.
[2025-04-17T13:06:45.046] [DEBUG] debug-file - No signingConfig found, initRemoteHspCache failed.
[2025-04-17T13:06:45.048] [DEBUG] debug-file - Local scan or download HarmonyOS sdk components toolchains,ets,js,native,previewer
[2025-04-17T13:06:45.051] [DEBUG] debug-file - Local scan or download hmscore sdk components toolchains,ets,native
[2025-04-17T13:06:45.053] [DEBUG] debug-file - Start recording SDK configuration permission data.
[2025-04-17T13:06:45.069] [DEBUG] debug-file - Sdk init in 22 ms 
[2025-04-17T13:06:45.076] [DEBUG] debug-file - Project task initialization takes 7 ms 
[2025-04-17T13:06:45.076] [DEBUG] debug-file - hvigorfile, binding custom plugins []
[2025-04-17T13:06:45.076] [DEBUG] debug-file - hvigorfile, no custom plugins were found in /Users/cxy/Desktop/CXY/hpack/hvigorfile.ts
[2025-04-17T13:06:45.076] [DEBUG] debug-file - hvigorfile, resolve finished /Users/cxy/Desktop/CXY/hpack/hvigorfile.ts
[2025-04-17T13:06:45.079] [DEBUG] debug-file - hvigorfile, resolving /Users/cxy/Desktop/CXY/hpack/entry/hvigorfile.ts
[2025-04-17T13:06:45.082] [DEBUG] debug-file - hvigorfile, require result:  { default: { plugins: [] } }
[2025-04-17T13:06:45.082] [DEBUG] debug-file - hvigorfile, binding system plugins null
[2025-04-17T13:06:45.087] [DEBUG] debug-file - Start initialize module-target build option map, moduleName=entry, buildMode=debug
[2025-04-17T13:06:45.088] [DEBUG] debug-file - Target 'default' config: {}
[2025-04-17T13:06:45.088] [DEBUG] debug-file - Target 'ohosTest' config: {}
[2025-04-17T13:06:45.088] [DEBUG] debug-file - Module 'entry' target 'default' build option: {
  "debuggable": true,
  "copyFrom": "default",
  "strictMode": {
    "caseSensitiveCheck": true,
    "useNormalizedOHMUrl": true
  },
  "name": "debug"
}
[2025-04-17T13:06:45.088] [DEBUG] debug-file - Module 'entry' target 'ohosTest' build option: {
  "debuggable": true,
  "strictMode": {
    "caseSensitiveCheck": true,
    "useNormalizedOHMUrl": true
  },
  "name": "default"
}
[2025-04-17T13:06:45.088] [DEBUG] debug-file - End initialize module-target build option map, moduleName=entry
[2025-04-17T13:06:45.088] [DEBUG] debug-file - Module 'entry' target 'default' using build option: {
  "debuggable": true,
  "copyFrom": "default",
  "strictMode": {
    "caseSensitiveCheck": true,
    "useNormalizedOHMUrl": true
  },
  "name": "debug"
} in this build.
[2025-04-17T13:06:45.091] [DEBUG] debug-file - Module entry task initialization takes 3 ms 
[2025-04-17T13:06:45.092] [DEBUG] debug-file - hvigorfile, binding custom plugins []
[2025-04-17T13:06:45.092] [DEBUG] debug-file - hvigorfile, no custom plugins were found in /Users/cxy/Desktop/CXY/hpack/entry/hvigorfile.ts
[2025-04-17T13:06:45.092] [DEBUG] debug-file - hvigorfile, resolve finished /Users/cxy/Desktop/CXY/hpack/entry/hvigorfile.ts
[2025-04-17T13:06:45.095] [DEBUG] debug-file - hvigorfile, resolving /Users/cxy/Desktop/CXY/hpack/common/hsp1/hvigorfile.ts
[2025-04-17T13:06:45.098] [DEBUG] debug-file - hvigorfile, require result:  { default: { plugins: [] } }
[2025-04-17T13:06:45.098] [DEBUG] debug-file - hvigorfile, binding system plugins null
[2025-04-17T13:06:45.101] [DEBUG] debug-file - Start initialize module-target build option map, moduleName=hsp1, buildMode=debug
[2025-04-17T13:06:45.101] [DEBUG] debug-file - Target 'default' config: {}
[2025-04-17T13:06:45.101] [DEBUG] debug-file - Target 'ohosTest' config: {}
[2025-04-17T13:06:45.102] [DEBUG] debug-file - Module 'hsp1' target 'default' build option: {
  "debuggable": true,
  "copyFrom": "default",
  "strictMode": {
    "caseSensitiveCheck": true,
    "useNormalizedOHMUrl": true
  },
  "name": "debug"
}
[2025-04-17T13:06:45.102] [DEBUG] debug-file - Module 'hsp1' target 'ohosTest' build option: {
  "debuggable": true,
  "strictMode": {
    "caseSensitiveCheck": true,
    "useNormalizedOHMUrl": true
  },
  "name": "default"
}
[2025-04-17T13:06:45.102] [DEBUG] debug-file - End initialize module-target build option map, moduleName=hsp1
[2025-04-17T13:06:45.102] [DEBUG] debug-file - Module 'hsp1' target 'default' using build option: {
  "debuggable": true,
  "copyFrom": "default",
  "strictMode": {
    "caseSensitiveCheck": true,
    "useNormalizedOHMUrl": true
  },
  "name": "debug"
} in this build.
[2025-04-17T13:06:45.103] [DEBUG] debug-file - Module hsp1 task initialization takes 1 ms 
[2025-04-17T13:06:45.104] [DEBUG] debug-file - hvigorfile, binding custom plugins []
[2025-04-17T13:06:45.104] [DEBUG] debug-file - hvigorfile, no custom plugins were found in /Users/cxy/Desktop/CXY/hpack/common/hsp1/hvigorfile.ts
[2025-04-17T13:06:45.104] [DEBUG] debug-file - hvigorfile, resolve finished /Users/cxy/Desktop/CXY/hpack/common/hsp1/hvigorfile.ts
[2025-04-17T13:06:45.106] [DEBUG] debug-file - hvigorfile, resolving /Users/cxy/Desktop/CXY/hpack/common/hsp2/hvigorfile.ts
[2025-04-17T13:06:45.109] [DEBUG] debug-file - hvigorfile, require result:  { default: { plugins: [] } }
[2025-04-17T13:06:45.109] [DEBUG] debug-file - hvigorfile, binding system plugins null
[2025-04-17T13:06:45.111] [DEBUG] debug-file - Start initialize module-target build option map, moduleName=hsp2, buildMode=debug
[2025-04-17T13:06:45.111] [DEBUG] debug-file - Target 'default' config: {}
[2025-04-17T13:06:45.111] [DEBUG] debug-file - Target 'ohosTest' config: {}
[2025-04-17T13:06:45.111] [DEBUG] debug-file - Module 'hsp2' target 'default' build option: {
  "debuggable": true,
  "copyFrom": "default",
  "strictMode": {
    "caseSensitiveCheck": true,
    "useNormalizedOHMUrl": true
  },
  "name": "debug"
}
[2025-04-17T13:06:45.111] [DEBUG] debug-file - Module 'hsp2' target 'ohosTest' build option: {
  "debuggable": true,
  "strictMode": {
    "caseSensitiveCheck": true,
    "useNormalizedOHMUrl": true
  },
  "name": "default"
}
[2025-04-17T13:06:45.111] [DEBUG] debug-file - End initialize module-target build option map, moduleName=hsp2
[2025-04-17T13:06:45.111] [DEBUG] debug-file - Module 'hsp2' target 'default' using build option: {
  "debuggable": true,
  "copyFrom": "default",
  "strictMode": {
    "caseSensitiveCheck": true,
    "useNormalizedOHMUrl": true
  },
  "name": "debug"
} in this build.
[2025-04-17T13:06:45.112] [DEBUG] debug-file - Module hsp2 task initialization takes 1 ms 
[2025-04-17T13:06:45.112] [DEBUG] debug-file - hvigorfile, binding custom plugins []
[2025-04-17T13:06:45.112] [DEBUG] debug-file - hvigorfile, no custom plugins were found in /Users/cxy/Desktop/CXY/hpack/common/hsp2/hvigorfile.ts
[2025-04-17T13:06:45.112] [DEBUG] debug-file - hvigorfile, resolve finished /Users/cxy/Desktop/CXY/hpack/common/hsp2/hvigorfile.ts
[2025-04-17T13:06:45.159] [DEBUG] debug-file - hvigorfile, resolve hvigorfile dependencies in 46 ms 
[2025-04-17T13:06:45.159] [DEBUG] debug-file - project has submodules:entry,hsp1,hsp2
[2025-04-17T13:06:45.159] [DEBUG] debug-file - module:hsp1 no need to execute packageHap
[2025-04-17T13:06:45.159] [DEBUG] debug-file - module:hsp2 no need to execute packageHap
[2025-04-17T13:06:45.160] [DEBUG] debug-file - start to load updatedOhPackageInfo to the disk
[2025-04-17T13:06:45.161] [DEBUG] debug-file - load to the disk finished
[2025-04-17T13:06:45.162] [DEBUG] debug-file - Start to initialize dependency information.
[2025-04-17T13:06:45.163] [WARN] debug-file - The current module 'hpack' has dependency which is not installed at its oh-package.json5.
[2025-04-17T13:06:45.163] [WARN] debug-file - The current module 'hpack' has dependency which is not installed at its oh-package.json5.
[2025-04-17T13:06:45.163] [DEBUG] debug-file - Module hpack Collected Dependency: 
[2025-04-17T13:06:45.163] [DEBUG] debug-file - Module hpack's total dependency: 0
[2025-04-17T13:06:45.163] [DEBUG] debug-file - Start to initialize dependency information.
[2025-04-17T13:06:45.164] [DEBUG] debug-file - Module entry Collected Dependency: 
[2025-04-17T13:06:45.164] [DEBUG] debug-file - Module entry's total dependency: 0
[2025-04-17T13:06:45.166] [DEBUG] debug-file - Start to initialize dependency information.
[2025-04-17T13:06:45.166] [DEBUG] debug-file - Module hsp1 Collected Dependency: 
[2025-04-17T13:06:45.166] [DEBUG] debug-file - Module hsp1's total dependency: 0
[2025-04-17T13:06:45.167] [DEBUG] debug-file - Start to initialize dependency information.
[2025-04-17T13:06:45.167] [DEBUG] debug-file - Module hsp2 Collected Dependency: 
[2025-04-17T13:06:45.168] [DEBUG] debug-file - Module hsp2's total dependency: 0
[2025-04-17T13:06:45.168] [DEBUG] debug-file - Configuration phase cost:985 ms 
[2025-04-17T13:06:45.173] [DEBUG] debug-file - Configuration task cost before running: 999 ms 
[2025-04-17T13:06:45.174] [DEBUG] debug-file - Executing task :entry:clean
[2025-04-17T13:06:45.174] [DEBUG] debug-file - clean: Worker pool is inactive.
[2025-04-17T13:06:45.178] [DEBUG] debug-file - entry : clean cost memory 0.27816009521484375
[2025-04-17T13:06:45.178] [DEBUG] debug-file - runTaskFromQueue task cost before running: 1 s 4 ms 
[2025-04-17T13:06:45.178] [INFO] debug-file - Finished :entry:clean... after 5 ms 
[2025-04-17T13:06:45.179] [DEBUG] debug-file - Executing task :hsp1:clean
[2025-04-17T13:06:45.179] [DEBUG] debug-file - clean: Worker pool is inactive.
[2025-04-17T13:06:45.180] [DEBUG] debug-file - hsp1 : clean cost memory 0.15949249267578125
[2025-04-17T13:06:45.180] [DEBUG] debug-file - runTaskFromQueue task cost before running: 1 s 6 ms 
[2025-04-17T13:06:45.180] [INFO] debug-file - Finished :hsp1:clean... after 1 ms 
[2025-04-17T13:06:45.180] [DEBUG] debug-file - Executing task :hsp2:clean
[2025-04-17T13:06:45.180] [DEBUG] debug-file - clean: Worker pool is inactive.
[2025-04-17T13:06:45.181] [DEBUG] debug-file - hsp2 : clean cost memory 0.15966796875
[2025-04-17T13:06:45.181] [DEBUG] debug-file - runTaskFromQueue task cost before running: 1 s 7 ms 
[2025-04-17T13:06:45.181] [INFO] debug-file - Finished :hsp2:clean... after 1 ms 
[2025-04-17T13:06:45.181] [DEBUG] debug-file - Executing task ::clean
[2025-04-17T13:06:45.181] [DEBUG] debug-file - clean: Worker pool is inactive.
[2025-04-17T13:06:45.181] [DEBUG] debug-file - hpack : clean cost memory 0.03314208984375
[2025-04-17T13:06:45.181] [DEBUG] debug-file - runTaskFromQueue task cost before running: 1 s 7 ms 
[2025-04-17T13:06:45.181] [INFO] debug-file - Finished ::clean... after 1 ms 
[2025-04-17T13:06:45.182] [DEBUG] debug-file - Executing task :entry:init
[2025-04-17T13:06:45.182] [DEBUG] debug-file - entry : init cost memory 0.0140380859375
[2025-04-17T13:06:45.182] [DEBUG] debug-file - runTaskFromQueue task cost before running: 1 s 7 ms 
[2025-04-17T13:06:45.182] [INFO] debug-file - Finished :entry:init... after 1 ms 
[2025-04-17T13:06:45.182] [DEBUG] debug-file - Executing task :hsp1:init
[2025-04-17T13:06:45.182] [DEBUG] debug-file - hsp1 : init cost memory 0.01195526123046875
[2025-04-17T13:06:45.182] [DEBUG] debug-file - runTaskFromQueue task cost before running: 1 s 8 ms 
[2025-04-17T13:06:45.182] [INFO] debug-file - Finished :hsp1:init... after 1 ms 
[2025-04-17T13:06:45.182] [DEBUG] debug-file - Executing task :hsp2:init
[2025-04-17T13:06:45.182] [DEBUG] debug-file - hsp2 : init cost memory 0.01187896728515625
[2025-04-17T13:06:45.182] [DEBUG] debug-file - runTaskFromQueue task cost before running: 1 s 8 ms 
[2025-04-17T13:06:45.182] [INFO] debug-file - Finished :hsp2:init... after 1 ms 
[2025-04-17T13:06:45.182] [DEBUG] debug-file - Executing task ::init
[2025-04-17T13:06:45.182] [DEBUG] debug-file - hpack : init cost memory 0.01287078857421875
[2025-04-17T13:06:45.182] [DEBUG] debug-file - runTaskFromQueue task cost before running: 1 s 8 ms 
[2025-04-17T13:06:45.182] [INFO] debug-file - Finished ::init... after 1 ms 
[2025-04-17T13:06:45.185] [DEBUG] debug-file - Module 'entry' target 'default' using build option: {
  "debuggable": true,
  "copyFrom": "default",
  "strictMode": {
    "caseSensitiveCheck": true,
    "useNormalizedOHMUrl": true
  },
  "name": "debug"
} in this build.
[2025-04-17T13:06:45.187] [DEBUG] debug-file - Module 'entry' target 'ohosTest' using build option: {
  "debuggable": true,
  "strictMode": {
    "caseSensitiveCheck": true,
    "useNormalizedOHMUrl": true
  },
  "name": "default"
} in this build.
[2025-04-17T13:06:45.188] [DEBUG] debug-file - Module 'hsp1' target 'default' using build option: {
  "debuggable": true,
  "copyFrom": "default",
  "strictMode": {
    "caseSensitiveCheck": true,
    "useNormalizedOHMUrl": true
  },
  "name": "debug"
} in this build.
[2025-04-17T13:06:45.190] [DEBUG] debug-file - Module 'hsp1' target 'ohosTest' using build option: {
  "debuggable": true,
  "strictMode": {
    "caseSensitiveCheck": true,
    "useNormalizedOHMUrl": true
  },
  "name": "default"
} in this build.
[2025-04-17T13:06:45.192] [DEBUG] debug-file - Module 'hsp2' target 'default' using build option: {
  "debuggable": true,
  "copyFrom": "default",
  "strictMode": {
    "caseSensitiveCheck": true,
    "useNormalizedOHMUrl": true
  },
  "name": "debug"
} in this build.
[2025-04-17T13:06:45.193] [DEBUG] debug-file - Module 'hsp2' target 'ohosTest' using build option: {
  "debuggable": true,
  "strictMode": {
    "caseSensitiveCheck": true,
    "useNormalizedOHMUrl": true
  },
  "name": "default"
} in this build.
[2025-04-17T13:06:45.195] [DEBUG] debug-file - Since there is no instance or instance is terminated, create a new worker pool.
[2025-04-17T13:06:45.195] [DEBUG] debug-file - Worker pool is initialized with config:  {
  minPoolNum: 2,
  maxPoolNum: undefined,
  maxCoreSize: undefined,
  cacheCapacity: undefined,
  cacheTtl: undefined
}
[2025-04-17T13:06:45.196] [DEBUG] debug-file - Create  resident worker with id: 0.
[2025-04-17T13:06:45.197] [DEBUG] debug-file - Create  resident worker with id: 1.
[2025-04-17T13:06:45.198] [DEBUG] debug-file - Cleanup worker 0.
[2025-04-17T13:06:45.198] [DEBUG] debug-file - Worker 0 has been cleaned up.
[2025-04-17T13:06:45.198] [DEBUG] debug-file - Current idle worker size: 1.
[2025-04-17T13:06:45.198] [DEBUG] debug-file - Current resident worker size: 2.
[2025-04-17T13:06:45.198] [DEBUG] debug-file - Cleanup worker 1.
[2025-04-17T13:06:45.198] [DEBUG] debug-file - Worker 1 has been cleaned up.
[2025-04-17T13:06:45.198] [DEBUG] debug-file - Current idle worker size: 0.
[2025-04-17T13:06:45.198] [DEBUG] debug-file - Current resident worker size: 2.
[2025-04-17T13:06:45.199] [DEBUG] debug-file - hvigor build process will be closed.
[2025-04-17T13:06:45.268] [DEBUG] debug-file - worker[1] exits with exit code 0.
[2025-04-17T13:06:45.269] [DEBUG] debug-file - worker[0] exits with exit code 0.
[2025-04-17T13:06:45.285] [DEBUG] debug-file - session manager: send message to worker process.
[2025-04-17T13:06:45.285] [DEBUG] debug-file - session manager: send message to worker process.
[2025-04-17T13:06:45.286] [DEBUG] debug-file - watch worker: worker id should be larger than 0. Nothing will be sent to any worker thread.
[2025-04-17T13:06:45.286] [DEBUG] debug-file - watch worker: worker id should be larger than 0. Nothing will be sent to any worker thread.
[2025-04-17T17:30:37.321] [DEBUG] debug-file - env: nodejsVersion=v20.14.0
[2025-04-17T17:30:37.644] [DEBUG] debug-file - Hvigor init with startParameters:{
  hvigorfileTypeCheck: false,
  parallelExecution: true,
  incrementalExecution: true,
  printStackTrace: false,
  daemon: false,
  analyze: 0,
  logLevel: Level { level: 20000, levelStr: 'INFO', colour: 'green' }
}
[2025-04-17T17:30:37.655] [DEBUG] debug-file - hvigorfile, resolving /Users/cxy/Desktop/CXY/hpack/hvigorfile.ts
[2025-04-17T17:30:38.722] [DEBUG] debug-file - hvigorfile, require result:  { default: { system: [Function: appTasks], plugins: [] } }
[2025-04-17T17:30:38.926] [DEBUG] debug-file - Product 'default' using build option: {
  "debuggable": true,
  "strictMode": {
    "caseSensitiveCheck": true,
    "useNormalizedOHMUrl": true
  }
} in this build.
[2025-04-17T17:30:38.950] [DEBUG] debug-file - Local scan or download HarmonyOS sdk components toolchains,ets,js,native,previewer
[2025-04-17T17:30:38.952] [DEBUG] debug-file - Local scan or download hmscore sdk components toolchains,ets,native
[2025-04-17T17:30:38.923] [DEBUG] debug-file - Start initialize project's product build option map with build mode debug.
[2025-04-17T17:30:38.962] [DEBUG] debug-file - Start recording SDK configuration permission data.
[2025-04-17T17:30:38.983] [DEBUG] debug-file - Sdk init in 36 ms 
[2025-04-17T17:30:38.995] [DEBUG] debug-file - Project task initialization takes 11 ms 
[2025-04-17T17:30:39.000] [DEBUG] debug-file - hvigorfile, resolving /Users/cxy/Desktop/CXY/hpack/entry/hvigorfile.ts
[2025-04-17T17:30:39.019] [DEBUG] debug-file - Start initialize module-target build option map, moduleName=entry, buildMode=debug
[2025-04-17T17:30:39.026] [DEBUG] debug-file - Module entry task initialization takes 4 ms 
[2025-04-17T17:30:39.044] [DEBUG] debug-file - Start initialize module-target build option map, moduleName=hsp1, buildMode=debug
[2025-04-17T17:30:39.047] [DEBUG] debug-file - Module hsp1 task initialization takes 2 ms 
[2025-04-17T17:30:39.048] [DEBUG] debug-file - hvigorfile, binding custom plugins []
[2025-04-17T17:30:39.032] [DEBUG] debug-file - hvigorfile, resolving /Users/cxy/Desktop/CXY/hpack/common/hsp1/hvigorfile.ts
[2025-04-17T17:30:39.052] [DEBUG] debug-file - hvigorfile, resolving /Users/cxy/Desktop/CXY/hpack/common/hsp2/hvigorfile.ts
[2025-04-17T17:30:39.063] [DEBUG] debug-file - Start initialize module-target build option map, moduleName=hsp2, buildMode=debug
[2025-04-17T17:30:39.065] [DEBUG] debug-file - Module hsp2 task initialization takes 1 ms 
[2025-04-17T17:30:39.066] [DEBUG] debug-file - hvigorfile, binding custom plugins []
[2025-04-17T17:30:39.067] [DEBUG] debug-file - project has submodules:entry,hsp1,hsp2
[2025-04-17T17:30:39.083] [DEBUG] debug-file - Configuration task cost before running: 1 s 454 ms 
[2025-04-17T17:30:39.086] [DEBUG] debug-file - entry : clean cost memory 0.1949310302734375
[2025-04-17T17:30:39.085] [DEBUG] debug-file - Executing task :entry:clean
[2025-04-17T17:30:39.088] [DEBUG] debug-file - Executing task :hsp1:clean
[2025-04-17T17:30:39.089] [DEBUG] debug-file - hsp1 : clean cost memory 0.192962646484375
[2025-04-17T17:30:39.091] [DEBUG] debug-file - Executing task :hsp2:clean
[2025-04-17T17:30:39.095] [DEBUG] debug-file - BUILD SUCCESSFUL in 1 s 465 ms 
[2025-04-17T17:30:39.092] [DEBUG] debug-file - hsp2 : clean cost memory 0.1928558349609375
[2025-04-17T17:30:37.325] [DEBUG] debug-file - env: hvigor-config.json5 content = {
  modelVersion: '5.0.2',
  dependencies: {},
  execution: {},
  logging: {},
  debugging: {},
  nodeOptions: {}
}
[2025-04-17T17:30:37.646] [DEBUG] debug-file - Cache service initialization finished in 2 ms 
[2025-04-17T17:30:38.722] [DEBUG] debug-file - hvigorfile, binding system plugins [Function: appTasks]
[2025-04-17T17:30:38.945] [DEBUG] debug-file - No signingConfig found, initRemoteHspCache failed.
[2025-04-17T17:30:38.923] [DEBUG] debug-file - Picking option from product 'default' with build mode 'debug'.
[2025-04-17T17:30:38.995] [DEBUG] debug-file - hvigorfile, binding custom plugins []
[2025-04-17T17:30:39.011] [DEBUG] debug-file - hvigorfile, require result:  { default: { system: [Function: hapTasks], plugins: [] } }
[2025-04-17T17:30:39.019] [DEBUG] debug-file - Target 'default' config: {}
[2025-04-17T17:30:39.026] [DEBUG] debug-file - hvigorfile, binding custom plugins []
[2025-04-17T17:30:39.044] [DEBUG] debug-file - Target 'default' config: {}
[2025-04-17T17:30:39.048] [DEBUG] debug-file - hvigorfile, no custom plugins were found in /Users/cxy/Desktop/CXY/hpack/common/hsp1/hvigorfile.ts
[2025-04-17T17:30:39.039] [DEBUG] debug-file - hvigorfile, require result:  { default: { system: [Function: hspTasks], plugins: [] } }
[2025-04-17T17:30:39.058] [DEBUG] debug-file - hvigorfile, require result:  { default: { system: [Function: hspTasks], plugins: [] } }
[2025-04-17T17:30:39.063] [DEBUG] debug-file - Target 'default' config: {}
[2025-04-17T17:30:39.066] [DEBUG] debug-file - hvigorfile, no custom plugins were found in /Users/cxy/Desktop/CXY/hpack/common/hsp2/hvigorfile.ts
[2025-04-17T17:30:39.068] [DEBUG] debug-file - module:hsp1 no need to execute packageHap
[2025-04-17T17:30:39.086] [DEBUG] debug-file - runTaskFromQueue task cost before running: 1 s 457 ms 
[2025-04-17T17:30:39.085] [DEBUG] debug-file - clean: Worker pool is inactive.
[2025-04-17T17:30:39.088] [DEBUG] debug-file - clean: Worker pool is inactive.
[2025-04-17T17:30:39.089] [DEBUG] debug-file - runTaskFromQueue task cost before running: 1 s 460 ms 
[2025-04-17T17:30:39.091] [DEBUG] debug-file - clean: Worker pool is inactive.
[2025-04-17T17:30:39.111] [DEBUG] debug-file - Since there is no instance or instance is terminated, create a new worker pool.
[2025-04-17T17:30:39.092] [DEBUG] debug-file - runTaskFromQueue task cost before running: 1 s 463 ms 
[2025-04-17T17:30:39.112] [DEBUG] debug-file - Create  resident worker with id: 0.
[2025-04-17T17:30:37.327] [DEBUG] debug-file - env: daemon=false
[2025-04-17T17:30:38.924] [DEBUG] debug-file - Product 'default' build option: {}
[2025-04-17T17:30:38.995] [DEBUG] debug-file - hvigorfile, no custom plugins were found in /Users/cxy/Desktop/CXY/hpack/hvigorfile.ts
[2025-04-17T17:30:39.011] [DEBUG] debug-file - hvigorfile, binding system plugins [Function: hapTasks]
[2025-04-17T17:30:39.020] [DEBUG] debug-file - Target 'ohosTest' config: {}
[2025-04-17T17:30:39.026] [DEBUG] debug-file - hvigorfile, no custom plugins were found in /Users/cxy/Desktop/CXY/hpack/entry/hvigorfile.ts
[2025-04-17T17:30:39.044] [DEBUG] debug-file - Target 'ohosTest' config: {}
[2025-04-17T17:30:39.048] [DEBUG] debug-file - hvigorfile, resolve finished /Users/cxy/Desktop/CXY/hpack/common/hsp1/hvigorfile.ts
[2025-04-17T17:30:39.040] [DEBUG] debug-file - hvigorfile, binding system plugins [Function: hspTasks]
[2025-04-17T17:30:39.058] [DEBUG] debug-file - hvigorfile, binding system plugins [Function: hspTasks]
[2025-04-17T17:30:39.063] [DEBUG] debug-file - Target 'ohosTest' config: {}
[2025-04-17T17:30:39.066] [DEBUG] debug-file - hvigorfile, resolve finished /Users/cxy/Desktop/CXY/hpack/common/hsp2/hvigorfile.ts
[2025-04-17T17:30:39.068] [DEBUG] debug-file - module:hsp2 no need to execute packageHap
[2025-04-17T17:30:39.087] [INFO] debug-file - Finished :entry:clean... after 2 ms 
[2025-04-17T17:30:39.089] [INFO] debug-file - Finished :hsp1:clean... after 2 ms 
[2025-04-17T17:30:39.111] [DEBUG] debug-file - Worker pool is initialized with config:  {
  minPoolNum: 2,
  maxPoolNum: undefined,
  maxCoreSize: undefined,
  cacheCapacity: undefined,
  cacheTtl: undefined
}
[2025-04-17T17:30:39.093] [INFO] debug-file - Finished :hsp2:clean... after 2 ms 
[2025-04-17T17:30:39.114] [DEBUG] debug-file - Create  resident worker with id: 1.
[2025-04-17T17:30:37.328] [DEBUG] debug-file - no-daemon, use the parent process.execArgv --max-old-space-size=8192,--expose-gc
[2025-04-17T17:30:38.924] [DEBUG] debug-file - End initialize project's product build option map with build mode 'debug'.
[2025-04-17T17:30:38.995] [DEBUG] debug-file - hvigorfile, resolve finished /Users/cxy/Desktop/CXY/hpack/hvigorfile.ts
[2025-04-17T17:30:39.021] [DEBUG] debug-file - Module 'entry' target 'default' build option: {
  "debuggable": true,
  "copyFrom": "default",
  "strictMode": {
    "caseSensitiveCheck": true,
    "useNormalizedOHMUrl": true
  },
  "name": "debug"
}
[2025-04-17T17:30:39.026] [DEBUG] debug-file - hvigorfile, resolve finished /Users/cxy/Desktop/CXY/hpack/entry/hvigorfile.ts
[2025-04-17T17:30:39.044] [DEBUG] debug-file - Module 'hsp1' target 'default' build option: {
  "debuggable": true,
  "copyFrom": "default",
  "strictMode": {
    "caseSensitiveCheck": true,
    "useNormalizedOHMUrl": true
  },
  "name": "debug"
}
[2025-04-17T17:30:39.063] [DEBUG] debug-file - Module 'hsp2' target 'default' build option: {
  "debuggable": true,
  "copyFrom": "default",
  "strictMode": {
    "caseSensitiveCheck": true,
    "useNormalizedOHMUrl": true
  },
  "name": "debug"
}
[2025-04-17T17:30:39.069] [DEBUG] debug-file - Start to initialize dependency information.
[2025-04-17T17:30:39.093] [DEBUG] debug-file - Executing task ::clean
[2025-04-17T17:30:39.118] [DEBUG] debug-file - Current worker pool is stopped or closed.
[2025-04-17T17:30:39.021] [DEBUG] debug-file - Module 'entry' target 'ohosTest' build option: {
  "debuggable": true,
  "strictMode": {
    "caseSensitiveCheck": true,
    "useNormalizedOHMUrl": true
  },
  "name": "default"
}
[2025-04-17T17:30:39.044] [DEBUG] debug-file - Module 'hsp1' target 'ohosTest' build option: {
  "debuggable": true,
  "strictMode": {
    "caseSensitiveCheck": true,
    "useNormalizedOHMUrl": true
  },
  "name": "default"
}
[2025-04-17T17:30:39.063] [DEBUG] debug-file - Module 'hsp2' target 'ohosTest' build option: {
  "debuggable": true,
  "strictMode": {
    "caseSensitiveCheck": true,
    "useNormalizedOHMUrl": true
  },
  "name": "default"
}
[2025-04-17T17:30:39.071] [WARN] debug-file - The current module 'hpack' has dependency which is not installed at its oh-package.json5.
[2025-04-17T17:30:39.093] [DEBUG] debug-file - clean: Worker pool is inactive.
[2025-04-17T17:30:39.118] [DEBUG] debug-file - Clear worker 0.
[2025-04-17T17:30:39.021] [DEBUG] debug-file - End initialize module-target build option map, moduleName=entry
[2025-04-17T17:30:39.044] [DEBUG] debug-file - End initialize module-target build option map, moduleName=hsp1
[2025-04-17T17:30:39.063] [DEBUG] debug-file - End initialize module-target build option map, moduleName=hsp2
[2025-04-17T17:30:39.072] [WARN] debug-file - The current module 'hpack' has dependency which is not installed at its oh-package.json5.
[2025-04-17T17:30:39.093] [DEBUG] debug-file - hpack : clean cost memory 0.02452850341796875
[2025-04-17T17:30:39.118] [DEBUG] debug-file - Worker 0 has been cleared.
[2025-04-17T17:30:39.021] [DEBUG] debug-file - Module 'entry' target 'default' using build option: {
  "debuggable": true,
  "copyFrom": "default",
  "strictMode": {
    "caseSensitiveCheck": true,
    "useNormalizedOHMUrl": true
  },
  "name": "debug"
} in this build.
[2025-04-17T17:30:39.044] [DEBUG] debug-file - Module 'hsp1' target 'default' using build option: {
  "debuggable": true,
  "copyFrom": "default",
  "strictMode": {
    "caseSensitiveCheck": true,
    "useNormalizedOHMUrl": true
  },
  "name": "debug"
} in this build.
[2025-04-17T17:30:39.064] [DEBUG] debug-file - Module 'hsp2' target 'default' using build option: {
  "debuggable": true,
  "copyFrom": "default",
  "strictMode": {
    "caseSensitiveCheck": true,
    "useNormalizedOHMUrl": true
  },
  "name": "debug"
} in this build.
[2025-04-17T17:30:39.072] [DEBUG] debug-file - Module hpack Collected Dependency: 
[2025-04-17T17:30:39.093] [DEBUG] debug-file - runTaskFromQueue task cost before running: 1 s 464 ms 
[2025-04-17T17:30:39.118] [DEBUG] debug-file - Current idle worker size: 1.
[2025-04-17T17:30:39.072] [DEBUG] debug-file - Module hpack's total dependency: 0
[2025-04-17T17:30:39.093] [INFO] debug-file - Finished ::clean... after 1 ms 
[2025-04-17T17:30:39.118] [DEBUG] debug-file - Current busy worker size: 0.
[2025-04-17T17:30:39.073] [DEBUG] debug-file - Start to initialize dependency information.
[2025-04-17T17:30:39.118] [DEBUG] debug-file - Clear worker 1.
[2025-04-17T17:30:39.073] [DEBUG] debug-file - Module entry Collected Dependency: 
[2025-04-17T17:30:39.118] [DEBUG] debug-file - Worker 1 has been cleared.
[2025-04-17T17:30:39.073] [DEBUG] debug-file - Module entry's total dependency: 0
[2025-04-17T17:30:39.118] [DEBUG] debug-file - Current idle worker size: 0.
[2025-04-17T17:30:39.076] [DEBUG] debug-file - Start to initialize dependency information.
[2025-04-17T17:30:39.118] [DEBUG] debug-file - Current busy worker size: 0.
[2025-04-17T17:30:39.076] [DEBUG] debug-file - Module hsp1 Collected Dependency: 
[2025-04-17T17:30:39.119] [DEBUG] debug-file - hvigor build process will be closed.
[2025-04-17T17:30:39.076] [DEBUG] debug-file - Module hsp1's total dependency: 0
[2025-04-17T17:30:39.126] [DEBUG] debug-file - worker[1] exits with exit code 0.
[2025-04-17T17:30:39.078] [DEBUG] debug-file - Start to initialize dependency information.
[2025-04-17T17:30:39.127] [DEBUG] debug-file - worker[0] exits with exit code 0.
[2025-04-17T17:30:39.078] [DEBUG] debug-file - Module hsp2 Collected Dependency: 
[2025-04-17T17:30:39.127] [DEBUG] debug-file - Current worker pool is terminated.
[2025-04-17T17:30:39.078] [DEBUG] debug-file - Module hsp2's total dependency: 0
[2025-04-17T17:30:39.079] [DEBUG] debug-file - Configuration phase cost:1 s 430 ms 
[2025-04-17T17:31:28.019] [DEBUG] debug-file - env: nodejsVersion=v20.14.0
[2025-04-17T17:31:28.347] [DEBUG] debug-file - Hvigor init with startParameters:{
  hvigorfileTypeCheck: false,
  parallelExecution: true,
  incrementalExecution: true,
  printStackTrace: false,
  daemon: false,
  analyze: 0,
  logLevel: Level { level: 20000, levelStr: 'INFO', colour: 'green' }
}
[2025-04-17T17:31:28.358] [DEBUG] debug-file - hvigorfile, resolving /Users/cxy/Desktop/CXY/hpack/hvigorfile.ts
[2025-04-17T17:31:29.316] [DEBUG] debug-file - hvigorfile, require result:  { default: { system: [Function: appTasks], plugins: [] } }
[2025-04-17T17:31:29.509] [DEBUG] debug-file - Start initialize project's product build option map with build mode debug.
[2025-04-17T17:31:29.512] [DEBUG] debug-file - Product 'default' using build option: {
  "debuggable": true,
  "strictMode": {
    "caseSensitiveCheck": true,
    "useNormalizedOHMUrl": true
  }
} in this build.
[2025-04-17T17:31:29.535] [DEBUG] debug-file - Local scan or download HarmonyOS sdk components toolchains,ets,js,native,previewer
[2025-04-17T17:31:29.538] [DEBUG] debug-file - Local scan or download hmscore sdk components toolchains,ets,native
[2025-04-17T17:31:29.543] [DEBUG] debug-file - Start recording SDK configuration permission data.
[2025-04-17T17:31:29.562] [DEBUG] debug-file - Sdk init in 30 ms 
[2025-04-17T17:31:29.572] [DEBUG] debug-file - Project task initialization takes 9 ms 
[2025-04-17T17:31:29.576] [DEBUG] debug-file - hvigorfile, resolving /Users/cxy/Desktop/CXY/hpack/entry/hvigorfile.ts
[2025-04-17T17:31:29.594] [DEBUG] debug-file - Start initialize module-target build option map, moduleName=entry, buildMode=debug
[2025-04-17T17:31:29.601] [DEBUG] debug-file - Module entry task initialization takes 4 ms 
[2025-04-17T17:31:29.606] [DEBUG] debug-file - hvigorfile, resolving /Users/cxy/Desktop/CXY/hpack/common/hsp1/hvigorfile.ts
[2025-04-17T17:31:29.617] [DEBUG] debug-file - Start initialize module-target build option map, moduleName=hsp1, buildMode=debug
[2025-04-17T17:31:29.619] [DEBUG] debug-file - Module hsp1 task initialization takes 1 ms 
[2025-04-17T17:31:29.620] [DEBUG] debug-file - hvigorfile, binding custom plugins []
[2025-04-17T17:31:29.624] [DEBUG] debug-file - hvigorfile, resolving /Users/cxy/Desktop/CXY/hpack/common/hsp2/hvigorfile.ts
[2025-04-17T17:31:29.635] [DEBUG] debug-file - Start initialize module-target build option map, moduleName=hsp2, buildMode=debug
[2025-04-17T17:31:29.637] [DEBUG] debug-file - Module hsp2 task initialization takes 1 ms 
[2025-04-17T17:31:29.637] [DEBUG] debug-file - hvigorfile, binding custom plugins []
[2025-04-17T17:31:29.639] [DEBUG] debug-file - project has submodules:entry,hsp1,hsp2
[2025-04-17T17:31:29.657] [DEBUG] debug-file - Executing task :entry:clean
[2025-04-17T17:31:29.659] [DEBUG] debug-file - entry : clean cost memory 0.19492340087890625
[2025-04-17T17:31:29.656] [DEBUG] debug-file - Configuration task cost before running: 1 s 322 ms 
[2025-04-17T17:31:29.660] [DEBUG] debug-file - Executing task :hsp1:clean
[2025-04-17T17:31:29.663] [DEBUG] debug-file - Executing task :hsp2:clean
[2025-04-17T17:31:29.664] [DEBUG] debug-file - hsp2 : clean cost memory 0.40673065185546875
[2025-04-17T17:31:29.666] [DEBUG] debug-file - BUILD SUCCESSFUL in 1 s 332 ms 
[2025-04-17T17:31:29.661] [DEBUG] debug-file - hsp1 : clean cost memory 0.1929473876953125
[2025-04-17T17:31:28.022] [DEBUG] debug-file - env: hvigor-config.json5 content = {
  modelVersion: '5.0.2',
  dependencies: {},
  execution: {},
  logging: {},
  debugging: {},
  nodeOptions: {}
}
[2025-04-17T17:31:28.348] [DEBUG] debug-file - Cache service initialization finished in 2 ms 
[2025-04-17T17:31:29.316] [DEBUG] debug-file - hvigorfile, binding system plugins [Function: appTasks]
[2025-04-17T17:31:29.509] [DEBUG] debug-file - Picking option from product 'default' with build mode 'debug'.
[2025-04-17T17:31:29.531] [DEBUG] debug-file - No signingConfig found, initRemoteHspCache failed.
[2025-04-17T17:31:29.572] [DEBUG] debug-file - hvigorfile, binding custom plugins []
[2025-04-17T17:31:29.586] [DEBUG] debug-file - hvigorfile, require result:  { default: { system: [Function: hapTasks], plugins: [] } }
[2025-04-17T17:31:29.594] [DEBUG] debug-file - Target 'default' config: {}
[2025-04-17T17:31:29.601] [DEBUG] debug-file - hvigorfile, binding custom plugins []
[2025-04-17T17:31:29.613] [DEBUG] debug-file - hvigorfile, require result:  { default: { system: [Function: hspTasks], plugins: [] } }
[2025-04-17T17:31:29.617] [DEBUG] debug-file - Target 'default' config: {}
[2025-04-17T17:31:29.620] [DEBUG] debug-file - hvigorfile, no custom plugins were found in /Users/cxy/Desktop/CXY/hpack/common/hsp1/hvigorfile.ts
[2025-04-17T17:31:29.630] [DEBUG] debug-file - hvigorfile, require result:  { default: { system: [Function: hspTasks], plugins: [] } }
[2025-04-17T17:31:29.635] [DEBUG] debug-file - Target 'default' config: {}
[2025-04-17T17:31:29.637] [DEBUG] debug-file - hvigorfile, no custom plugins were found in /Users/cxy/Desktop/CXY/hpack/common/hsp2/hvigorfile.ts
[2025-04-17T17:31:29.639] [DEBUG] debug-file - module:hsp1 no need to execute packageHap
[2025-04-17T17:31:29.657] [DEBUG] debug-file - clean: Worker pool is inactive.
[2025-04-17T17:31:29.659] [DEBUG] debug-file - runTaskFromQueue task cost before running: 1 s 325 ms 
[2025-04-17T17:31:29.660] [DEBUG] debug-file - clean: Worker pool is inactive.
[2025-04-17T17:31:29.663] [DEBUG] debug-file - clean: Worker pool is inactive.
[2025-04-17T17:31:29.664] [DEBUG] debug-file - runTaskFromQueue task cost before running: 1 s 330 ms 
[2025-04-17T17:31:29.682] [DEBUG] debug-file - Since there is no instance or instance is terminated, create a new worker pool.
[2025-04-17T17:31:29.661] [DEBUG] debug-file - runTaskFromQueue task cost before running: 1 s 327 ms 
[2025-04-17T17:31:29.684] [DEBUG] debug-file - Create  resident worker with id: 0.
[2025-04-17T17:31:28.025] [DEBUG] debug-file - env: daemon=false
[2025-04-17T17:31:29.510] [DEBUG] debug-file - Product 'default' build option: {}
[2025-04-17T17:31:29.572] [DEBUG] debug-file - hvigorfile, no custom plugins were found in /Users/cxy/Desktop/CXY/hpack/hvigorfile.ts
[2025-04-17T17:31:29.587] [DEBUG] debug-file - hvigorfile, binding system plugins [Function: hapTasks]
[2025-04-17T17:31:29.595] [DEBUG] debug-file - Target 'ohosTest' config: {}
[2025-04-17T17:31:29.601] [DEBUG] debug-file - hvigorfile, no custom plugins were found in /Users/cxy/Desktop/CXY/hpack/entry/hvigorfile.ts
[2025-04-17T17:31:29.613] [DEBUG] debug-file - hvigorfile, binding system plugins [Function: hspTasks]
[2025-04-17T17:31:29.617] [DEBUG] debug-file - Target 'ohosTest' config: {}
[2025-04-17T17:31:29.620] [DEBUG] debug-file - hvigorfile, resolve finished /Users/cxy/Desktop/CXY/hpack/common/hsp1/hvigorfile.ts
[2025-04-17T17:31:29.630] [DEBUG] debug-file - hvigorfile, binding system plugins [Function: hspTasks]
[2025-04-17T17:31:29.636] [DEBUG] debug-file - Target 'ohosTest' config: {}
[2025-04-17T17:31:29.637] [DEBUG] debug-file - hvigorfile, resolve finished /Users/cxy/Desktop/CXY/hpack/common/hsp2/hvigorfile.ts
[2025-04-17T17:31:29.639] [DEBUG] debug-file - module:hsp2 no need to execute packageHap
[2025-04-17T17:31:29.659] [INFO] debug-file - Finished :entry:clean... after 2 ms 
[2025-04-17T17:31:29.664] [INFO] debug-file - Finished :hsp2:clean... after 2 ms 
[2025-04-17T17:31:29.662] [INFO] debug-file - Finished :hsp1:clean... after 1 ms 
[2025-04-17T17:31:29.682] [DEBUG] debug-file - Worker pool is initialized with config:  {
  minPoolNum: 2,
  maxPoolNum: undefined,
  maxCoreSize: undefined,
  cacheCapacity: undefined,
  cacheTtl: undefined
}
[2025-04-17T17:31:29.686] [DEBUG] debug-file - Create  resident worker with id: 1.
[2025-04-17T17:31:28.026] [DEBUG] debug-file - no-daemon, use the parent process.execArgv --max-old-space-size=8192,--expose-gc
[2025-04-17T17:31:29.510] [DEBUG] debug-file - End initialize project's product build option map with build mode 'debug'.
[2025-04-17T17:31:29.572] [DEBUG] debug-file - hvigorfile, resolve finished /Users/cxy/Desktop/CXY/hpack/hvigorfile.ts
[2025-04-17T17:31:29.596] [DEBUG] debug-file - Module 'entry' target 'default' build option: {
  "debuggable": true,
  "copyFrom": "default",
  "strictMode": {
    "caseSensitiveCheck": true,
    "useNormalizedOHMUrl": true
  },
  "name": "debug"
}
[2025-04-17T17:31:29.601] [DEBUG] debug-file - hvigorfile, resolve finished /Users/cxy/Desktop/CXY/hpack/entry/hvigorfile.ts
[2025-04-17T17:31:29.617] [DEBUG] debug-file - Module 'hsp1' target 'default' build option: {
  "debuggable": true,
  "copyFrom": "default",
  "strictMode": {
    "caseSensitiveCheck": true,
    "useNormalizedOHMUrl": true
  },
  "name": "debug"
}
[2025-04-17T17:31:29.636] [DEBUG] debug-file - Module 'hsp2' target 'default' build option: {
  "debuggable": true,
  "copyFrom": "default",
  "strictMode": {
    "caseSensitiveCheck": true,
    "useNormalizedOHMUrl": true
  },
  "name": "debug"
}
[2025-04-17T17:31:29.640] [DEBUG] debug-file - Start to initialize dependency information.
[2025-04-17T17:31:29.664] [DEBUG] debug-file - Executing task ::clean
[2025-04-17T17:31:29.690] [DEBUG] debug-file - Current worker pool is stopped or closed.
[2025-04-17T17:31:29.596] [DEBUG] debug-file - Module 'entry' target 'ohosTest' build option: {
  "debuggable": true,
  "strictMode": {
    "caseSensitiveCheck": true,
    "useNormalizedOHMUrl": true
  },
  "name": "default"
}
[2025-04-17T17:31:29.617] [DEBUG] debug-file - Module 'hsp1' target 'ohosTest' build option: {
  "debuggable": true,
  "strictMode": {
    "caseSensitiveCheck": true,
    "useNormalizedOHMUrl": true
  },
  "name": "default"
}
[2025-04-17T17:31:29.636] [DEBUG] debug-file - Module 'hsp2' target 'ohosTest' build option: {
  "debuggable": true,
  "strictMode": {
    "caseSensitiveCheck": true,
    "useNormalizedOHMUrl": true
  },
  "name": "default"
}
[2025-04-17T17:31:29.643] [WARN] debug-file - The current module 'hpack' has dependency which is not installed at its oh-package.json5.
[2025-04-17T17:31:29.664] [DEBUG] debug-file - clean: Worker pool is inactive.
[2025-04-17T17:31:29.690] [DEBUG] debug-file - Clear worker 0.
[2025-04-17T17:31:29.596] [DEBUG] debug-file - End initialize module-target build option map, moduleName=entry
[2025-04-17T17:31:29.617] [DEBUG] debug-file - End initialize module-target build option map, moduleName=hsp1
[2025-04-17T17:31:29.636] [DEBUG] debug-file - End initialize module-target build option map, moduleName=hsp2
[2025-04-17T17:31:29.643] [WARN] debug-file - The current module 'hpack' has dependency which is not installed at its oh-package.json5.
[2025-04-17T17:31:29.664] [DEBUG] debug-file - hpack : clean cost memory 0.02448272705078125
[2025-04-17T17:31:29.690] [DEBUG] debug-file - Worker 0 has been cleared.
[2025-04-17T17:31:29.596] [DEBUG] debug-file - Module 'entry' target 'default' using build option: {
  "debuggable": true,
  "copyFrom": "default",
  "strictMode": {
    "caseSensitiveCheck": true,
    "useNormalizedOHMUrl": true
  },
  "name": "debug"
} in this build.
[2025-04-17T17:31:29.617] [DEBUG] debug-file - Module 'hsp1' target 'default' using build option: {
  "debuggable": true,
  "copyFrom": "default",
  "strictMode": {
    "caseSensitiveCheck": true,
    "useNormalizedOHMUrl": true
  },
  "name": "debug"
} in this build.
[2025-04-17T17:31:29.636] [DEBUG] debug-file - Module 'hsp2' target 'default' using build option: {
  "debuggable": true,
  "copyFrom": "default",
  "strictMode": {
    "caseSensitiveCheck": true,
    "useNormalizedOHMUrl": true
  },
  "name": "debug"
} in this build.
[2025-04-17T17:31:29.643] [DEBUG] debug-file - Module hpack Collected Dependency: 
[2025-04-17T17:31:29.664] [DEBUG] debug-file - runTaskFromQueue task cost before running: 1 s 331 ms 
[2025-04-17T17:31:29.690] [DEBUG] debug-file - Current idle worker size: 1.
[2025-04-17T17:31:29.643] [DEBUG] debug-file - Module hpack's total dependency: 0
[2025-04-17T17:31:29.664] [INFO] debug-file - Finished ::clean... after 1 ms 
[2025-04-17T17:31:29.690] [DEBUG] debug-file - Current busy worker size: 0.
[2025-04-17T17:31:29.644] [DEBUG] debug-file - Start to initialize dependency information.
[2025-04-17T17:31:29.690] [DEBUG] debug-file - Clear worker 1.
[2025-04-17T17:31:29.645] [DEBUG] debug-file - Module entry Collected Dependency: 
[2025-04-17T17:31:29.690] [DEBUG] debug-file - Worker 1 has been cleared.
[2025-04-17T17:31:29.645] [DEBUG] debug-file - Module entry's total dependency: 0
[2025-04-17T17:31:29.690] [DEBUG] debug-file - Current idle worker size: 0.
[2025-04-17T17:31:29.648] [DEBUG] debug-file - Start to initialize dependency information.
[2025-04-17T17:31:29.690] [DEBUG] debug-file - Current busy worker size: 0.
[2025-04-17T17:31:29.649] [DEBUG] debug-file - Module hsp1 Collected Dependency: 
[2025-04-17T17:31:29.692] [DEBUG] debug-file - hvigor build process will be closed.
[2025-04-17T17:31:29.649] [DEBUG] debug-file - Module hsp1's total dependency: 0
[2025-04-17T17:31:29.698] [DEBUG] debug-file - worker[0] exits with exit code 0.
[2025-04-17T17:31:29.650] [DEBUG] debug-file - Start to initialize dependency information.
[2025-04-17T17:31:29.699] [DEBUG] debug-file - worker[1] exits with exit code 0.
[2025-04-17T17:31:29.651] [DEBUG] debug-file - Module hsp2 Collected Dependency: 
[2025-04-17T17:31:29.699] [DEBUG] debug-file - Current worker pool is terminated.
[2025-04-17T17:31:29.651] [DEBUG] debug-file - Module hsp2's total dependency: 0
[2025-04-17T17:31:29.652] [DEBUG] debug-file - Configuration phase cost:1 s 300 ms 
